"blank"			"=========================="
"blank"			"#Valve_Movement_Title"
"blank"			"=========================="
"+forward"				"#Valve_Move_Forward"
"+back"					"#Valve_Move_Back"
"+moveleft"				"#Valve_Move_Left"
"+moveright"			"#Valve_Move_Right"
"+speed"             	"#Valve_Sprint"
"+jump"					"#Valve_Jump"
"+duck"					"#Valve_Duck"
"walk"             	    "#Valve_Walk"
"blank"			"=========================="
"blank"			"#Valve_Combat_Title"
"blank"			"=========================="
"+attack"				"#Valve_Primary_Attack"
"toggle_ironsight"		"#TLBR_Toggle_Ironsight" 
"+reload"				"#Valve_Reload_Weapon"
"+use"					"#Valve_Use_Items"
"invnext"				"#Valve_Next_Weapon"
"invprev"				"#Valve_Previous_Weapon"
"lastinv"				"#Valve_Last_Weapon_Used"
"blank"			"=========================="
"blank"			"#Valve_Miscellaneous_Title"
"blank"			"=========================="
"incrementvar closecaption 0 1 1"	"#Valve_CC_Toggle"
"jpeg"					"#Valve_Take_Screen_Shot"
"save quick"			"#Valve_Quick_Save"
"load quick"			"#Valve_Quick_Load"
"pause"					"#Valve_Pause_Game"
"quit"					"#Valve_Quit_Game"
"toggleconsole"			"#Valve_Console_Toggle"
"blank"			"=========================="
"blank"			"#Valve_Miscellaneous_Keyboard_Keys_Title"
"blank"			"=========================="
"+left"					"#Valve_Turn_Left"
"+right"				"#Valve_Turn_Right"
"+moveup"				"#Valve_Swim_Up"
"+movedown"				"#Valve_Swim_Down"
"+lookup"				"#Valve_Look_Up"
"+lookdown"				"#Valve_Look_Down"
